<?xml version="1.0" encoding="UTF-8"?>
<!-- Generated by org.testng.reporters.JUnitXMLReporter -->
<testsuite ignored="0" hostname="Z422" failures="0" tests="2" name="Test1" time="123.452" errors="0" timestamp="2022-03-03T13:05:38 IST">
  <testcase classname="com.crm.TestngImplimentTests.CreateOrgWithIndTypeBCTest" name="CreateOrgWithIndType" time="54.961"/>
  <testcase classname="com.crm.TestngImplimentTests.CreateOrgWithIndTypeBCTest" name="testscriptsample" time="0.003"/>
</testsuite> <!-- Test1 -->
